2024-08-04T04:10:29.516321Z	info	Starting Prometheus server	{"address": "127.0.0.1:2112"}
2024-08-04T04:10:29.522571Z	info	Starting Staking Indexer App	{"module": "staking indexer"}
2024-08-04T04:10:29.525439Z	info	Stopping Prometheus server
2024-08-04T04:10:29.525727Z	info	Shutdown Prometheus server complete
2024-08-04T04:10:29.525749Z	info	Closing database...
2024-08-04T04:10:29.525797Z	info	Database closed
2024-08-04T04:10:29.525809Z	info	Shutdown complete
2024-08-04T04:10:43.686280Z	info	Starting Prometheus server	{"address": "127.0.0.1:2112"}
2024-08-04T04:10:43.691559Z	info	Starting Staking Indexer App	{"module": "staking indexer"}
2024-08-04T04:10:43.692963Z	info	starting the BTC scanner	{"module": "btcscanner", "start_height": 197535}
2024-08-04T04:10:43.692995Z	info	the bootstrapping starts	{"module": "btcscanner", "start_height": 197535}
2024-08-04T04:10:44.545739Z	info	received confirmed block	{"module": "staking indexer", "height": 197535}
2024-08-04T04:10:44.565291Z	info	received confirmed block	{"module": "staking indexer", "height": 197536}
2024-08-04T04:10:44.585819Z	info	received confirmed block	{"module": "staking indexer", "height": 197537}
2024-08-04T04:10:44.607998Z	info	received confirmed block	{"module": "staking indexer", "height": 197538}
2024-08-04T04:10:44.626290Z	info	received confirmed block	{"module": "staking indexer", "height": 197539}
2024-08-04T04:10:44.644672Z	info	received confirmed block	{"module": "staking indexer", "height": 197540}
2024-08-04T04:10:44.660348Z	info	received confirmed block	{"module": "staking indexer", "height": 197541}
2024-08-04T04:10:44.678286Z	info	received confirmed block	{"module": "staking indexer", "height": 197542}
2024-08-04T04:10:44.695301Z	info	received confirmed block	{"module": "staking indexer", "height": 197543}
2024-08-04T04:10:44.712281Z	info	received confirmed block	{"module": "staking indexer", "height": 197544}
2024-08-04T04:10:44.729307Z	info	received confirmed block	{"module": "staking indexer", "height": 197545}
2024-08-04T04:10:44.747283Z	info	received confirmed block	{"module": "staking indexer", "height": 197546}
2024-08-04T04:10:44.763271Z	info	received confirmed block	{"module": "staking indexer", "height": 197547}
2024-08-04T04:10:44.784636Z	info	received confirmed block	{"module": "staking indexer", "height": 197548}
2024-08-04T04:10:44.801341Z	info	received confirmed block	{"module": "staking indexer", "height": 197549}
2024-08-04T04:10:44.819287Z	info	received confirmed block	{"module": "staking indexer", "height": 197550}
2024-08-04T04:10:44.836306Z	info	received confirmed block	{"module": "staking indexer", "height": 197551}
2024-08-04T04:10:44.854357Z	info	received confirmed block	{"module": "staking indexer", "height": 197552}
2024-08-04T04:10:44.878326Z	info	received confirmed block	{"module": "staking indexer", "height": 197553}
2024-08-04T04:10:44.897254Z	info	received confirmed block	{"module": "staking indexer", "height": 197554}
2024-08-04T04:10:44.914273Z	info	received confirmed block	{"module": "staking indexer", "height": 197555}
2024-08-04T04:10:44.931640Z	info	received confirmed block	{"module": "staking indexer", "height": 197556}
2024-08-04T04:10:44.949365Z	info	received confirmed block	{"module": "staking indexer", "height": 197557}
2024-08-04T04:10:44.968337Z	info	received confirmed block	{"module": "staking indexer", "height": 197558}
2024-08-04T04:10:44.985316Z	info	received confirmed block	{"module": "staking indexer", "height": 197559}
2024-08-04T04:10:45.003313Z	info	received confirmed block	{"module": "staking indexer", "height": 197560}
2024-08-04T04:10:45.022304Z	info	received confirmed block	{"module": "staking indexer", "height": 197561}
2024-08-04T04:10:45.040249Z	info	received confirmed block	{"module": "staking indexer", "height": 197562}
2024-08-04T04:10:45.057250Z	info	received confirmed block	{"module": "staking indexer", "height": 197563}
2024-08-04T04:10:45.074584Z	info	received confirmed block	{"module": "staking indexer", "height": 197564}
2024-08-04T04:10:45.096252Z	info	received confirmed block	{"module": "staking indexer", "height": 197565}
2024-08-04T04:10:45.112285Z	info	received confirmed block	{"module": "staking indexer", "height": 197566}
2024-08-04T04:10:45.130296Z	info	received confirmed block	{"module": "staking indexer", "height": 197567}
2024-08-04T04:10:45.147305Z	info	received confirmed block	{"module": "staking indexer", "height": 197568}
2024-08-04T04:10:45.164357Z	info	received confirmed block	{"module": "staking indexer", "height": 197569}
2024-08-04T04:10:45.182413Z	info	received confirmed block	{"module": "staking indexer", "height": 197570}
2024-08-04T04:10:45.199303Z	info	received confirmed block	{"module": "staking indexer", "height": 197571}
2024-08-04T04:10:45.217314Z	info	received confirmed block	{"module": "staking indexer", "height": 197572}
2024-08-04T04:10:45.235258Z	info	received confirmed block	{"module": "staking indexer", "height": 197573}
2024-08-04T04:10:45.253321Z	info	received confirmed block	{"module": "staking indexer", "height": 197574}
2024-08-04T04:10:45.272282Z	info	received confirmed block	{"module": "staking indexer", "height": 197575}
2024-08-04T04:10:45.289310Z	info	received confirmed block	{"module": "staking indexer", "height": 197576}
2024-08-04T04:10:45.306340Z	info	received confirmed block	{"module": "staking indexer", "height": 197577}
2024-08-04T04:10:45.324304Z	info	received confirmed block	{"module": "staking indexer", "height": 197578}
2024-08-04T04:10:45.341307Z	info	received confirmed block	{"module": "staking indexer", "height": 197579}
2024-08-04T04:10:45.359316Z	info	received confirmed block	{"module": "staking indexer", "height": 197580}
2024-08-04T04:10:45.376383Z	info	received confirmed block	{"module": "staking indexer", "height": 197581}
2024-08-04T04:10:45.393243Z	info	received confirmed block	{"module": "staking indexer", "height": 197582}
2024-08-04T04:10:45.410278Z	info	received confirmed block	{"module": "staking indexer", "height": 197583}
2024-08-04T04:10:45.427667Z	info	received confirmed block	{"module": "staking indexer", "height": 197584}
2024-08-04T04:10:45.445387Z	info	received confirmed block	{"module": "staking indexer", "height": 197585}
2024-08-04T04:10:45.463327Z	info	received confirmed block	{"module": "staking indexer", "height": 197586}
2024-08-04T04:10:45.481341Z	info	received confirmed block	{"module": "staking indexer", "height": 197587}
2024-08-04T04:10:45.499334Z	info	received confirmed block	{"module": "staking indexer", "height": 197588}
2024-08-04T04:10:45.517371Z	info	received confirmed block	{"module": "staking indexer", "height": 197589}
2024-08-04T04:10:45.535333Z	info	received confirmed block	{"module": "staking indexer", "height": 197590}
2024-08-04T04:10:45.554388Z	info	received confirmed block	{"module": "staking indexer", "height": 197591}
2024-08-04T04:10:45.573302Z	info	received confirmed block	{"module": "staking indexer", "height": 197592}
2024-08-04T04:10:45.589303Z	info	received confirmed block	{"module": "staking indexer", "height": 197593}
2024-08-04T04:10:45.610911Z	info	received confirmed block	{"module": "staking indexer", "height": 197594}
2024-08-04T04:10:45.629364Z	info	received confirmed block	{"module": "staking indexer", "height": 197595}
2024-08-04T04:10:45.646328Z	info	received confirmed block	{"module": "staking indexer", "height": 197596}
2024-08-04T04:10:45.663302Z	info	received confirmed block	{"module": "staking indexer", "height": 197597}
2024-08-04T04:10:45.679342Z	info	received confirmed block	{"module": "staking indexer", "height": 197598}
2024-08-04T04:10:45.695680Z	info	received confirmed block	{"module": "staking indexer", "height": 197599}
2024-08-04T04:10:45.713397Z	info	received confirmed block	{"module": "staking indexer", "height": 197600}
2024-08-04T04:10:45.729364Z	info	received confirmed block	{"module": "staking indexer", "height": 197601}
2024-08-04T04:10:45.745374Z	info	received confirmed block	{"module": "staking indexer", "height": 197602}
2024-08-04T04:10:45.762345Z	info	received confirmed block	{"module": "staking indexer", "height": 197603}
2024-08-04T04:10:45.778342Z	info	received confirmed block	{"module": "staking indexer", "height": 197604}
2024-08-04T04:10:45.793301Z	info	received confirmed block	{"module": "staking indexer", "height": 197605}
2024-08-04T04:10:45.809325Z	info	received confirmed block	{"module": "staking indexer", "height": 197606}
2024-08-04T04:10:45.827293Z	info	received confirmed block	{"module": "staking indexer", "height": 197607}
2024-08-04T04:10:45.842305Z	info	received confirmed block	{"module": "staking indexer", "height": 197608}
2024-08-04T04:10:45.860319Z	info	received confirmed block	{"module": "staking indexer", "height": 197609}
2024-08-04T04:10:45.876406Z	info	received confirmed block	{"module": "staking indexer", "height": 197610}
2024-08-04T04:10:45.892296Z	info	received confirmed block	{"module": "staking indexer", "height": 197611}
2024-08-04T04:10:45.908318Z	info	received confirmed block	{"module": "staking indexer", "height": 197612}
2024-08-04T04:10:45.925296Z	info	received confirmed block	{"module": "staking indexer", "height": 197613}
2024-08-04T04:10:45.941342Z	info	received confirmed block	{"module": "staking indexer", "height": 197614}
2024-08-04T04:10:45.958267Z	info	received confirmed block	{"module": "staking indexer", "height": 197615}
2024-08-04T04:10:45.974283Z	info	received confirmed block	{"module": "staking indexer", "height": 197616}
2024-08-04T04:10:45.991337Z	info	received confirmed block	{"module": "staking indexer", "height": 197617}
2024-08-04T04:10:46.007381Z	info	received confirmed block	{"module": "staking indexer", "height": 197618}
2024-08-04T04:10:46.024307Z	info	received confirmed block	{"module": "staking indexer", "height": 197619}
2024-08-04T04:10:46.040353Z	info	received confirmed block	{"module": "staking indexer", "height": 197620}
2024-08-04T04:10:46.058307Z	info	received confirmed block	{"module": "staking indexer", "height": 197621}
2024-08-04T04:10:46.074341Z	info	received confirmed block	{"module": "staking indexer", "height": 197622}
2024-08-04T04:10:46.091266Z	info	received confirmed block	{"module": "staking indexer", "height": 197623}
2024-08-04T04:10:46.107333Z	info	received confirmed block	{"module": "staking indexer", "height": 197624}
2024-08-04T04:10:46.124339Z	info	received confirmed block	{"module": "staking indexer", "height": 197625}
2024-08-04T04:10:46.140379Z	info	received confirmed block	{"module": "staking indexer", "height": 197626}
2024-08-04T04:10:46.158312Z	info	received confirmed block	{"module": "staking indexer", "height": 197627}
2024-08-04T04:10:46.174293Z	info	received confirmed block	{"module": "staking indexer", "height": 197628}
2024-08-04T04:10:46.193310Z	info	received confirmed block	{"module": "staking indexer", "height": 197629}
2024-08-04T04:10:46.209410Z	info	received confirmed block	{"module": "staking indexer", "height": 197630}
2024-08-04T04:10:46.228360Z	info	received confirmed block	{"module": "staking indexer", "height": 197631}
2024-08-04T04:10:46.244304Z	info	received confirmed block	{"module": "staking indexer", "height": 197632}
2024-08-04T04:10:46.260286Z	info	received confirmed block	{"module": "staking indexer", "height": 197633}
2024-08-04T04:10:46.279365Z	info	received confirmed block	{"module": "staking indexer", "height": 197634}
2024-08-04T04:10:46.296324Z	info	processing unconfirmed blocks	{"module": "staking indexer", "start_height": 197635, "end_height": 197635}
2024-08-04T04:10:46.297219Z	info	successfully calculated unconfirmed TVL	{"module": "staking indexer", "tip_height": 197635, "confirmed_tvl": 0, "tvl_in_unconfirmed_blocks": 0, "unconfirmed_tvl": 0}
2024-08-04T04:10:46.297269Z	info	pushing btc info event	{"module": "queue consumer", "height": 197635}
2024-08-04T04:10:46.303945Z	info	successfully pushed btc info event	{"module": "queue consumer", "height": 197635}
2024-08-04T04:10:46.303963Z	info	received confirmed block	{"module": "staking indexer", "height": 197635}
2024-08-04T04:10:46.322375Z	info	received confirmed block	{"module": "staking indexer", "height": 197636}
2024-08-04T04:10:46.339362Z	info	received confirmed block	{"module": "staking indexer", "height": 197637}
2024-08-04T04:10:46.356289Z	info	received confirmed block	{"module": "staking indexer", "height": 197638}
2024-08-04T04:10:46.374314Z	info	received confirmed block	{"module": "staking indexer", "height": 197639}
2024-08-04T04:10:46.390337Z	info	received confirmed block	{"module": "staking indexer", "height": 197640}
2024-08-04T04:10:46.406280Z	info	received confirmed block	{"module": "staking indexer", "height": 197641}
2024-08-04T04:10:46.422359Z	info	received confirmed block	{"module": "staking indexer", "height": 197642}
2024-08-04T04:10:46.439258Z	info	received confirmed block	{"module": "staking indexer", "height": 197643}
2024-08-04T04:10:46.456318Z	info	received confirmed block	{"module": "staking indexer", "height": 197644}
2024-08-04T04:10:46.472314Z	info	received confirmed block	{"module": "staking indexer", "height": 197645}
2024-08-04T04:10:46.488371Z	info	received confirmed block	{"module": "staking indexer", "height": 197646}
2024-08-04T04:10:46.504305Z	info	received confirmed block	{"module": "staking indexer", "height": 197647}
2024-08-04T04:10:46.521330Z	info	received confirmed block	{"module": "staking indexer", "height": 197648}
2024-08-04T04:10:46.538298Z	info	received confirmed block	{"module": "staking indexer", "height": 197649}
2024-08-04T04:10:46.554431Z	info	received confirmed block	{"module": "staking indexer", "height": 197650}
2024-08-04T04:10:46.570261Z	info	received confirmed block	{"module": "staking indexer", "height": 197651}
2024-08-04T04:10:46.587346Z	info	received confirmed block	{"module": "staking indexer", "height": 197652}
2024-08-04T04:10:46.605350Z	info	received confirmed block	{"module": "staking indexer", "height": 197653}
2024-08-04T04:10:46.621394Z	info	received confirmed block	{"module": "staking indexer", "height": 197654}
2024-08-04T04:10:46.638294Z	info	received confirmed block	{"module": "staking indexer", "height": 197655}
2024-08-04T04:10:46.654386Z	info	received confirmed block	{"module": "staking indexer", "height": 197656}
2024-08-04T04:10:46.671570Z	info	received confirmed block	{"module": "staking indexer", "height": 197657}
2024-08-04T04:10:46.689295Z	info	received confirmed block	{"module": "staking indexer", "height": 197658}
2024-08-04T04:10:46.708318Z	info	received confirmed block	{"module": "staking indexer", "height": 197659}
2024-08-04T04:10:46.721622Z	info	received confirmed block	{"module": "staking indexer", "height": 197660}
2024-08-04T04:10:46.740326Z	info	received confirmed block	{"module": "staking indexer", "height": 197661}
2024-08-04T04:10:46.757268Z	info	received confirmed block	{"module": "staking indexer", "height": 197662}
2024-08-04T04:10:46.774044Z	info	received confirmed block	{"module": "staking indexer", "height": 197663}
2024-08-04T04:10:46.792616Z	info	received confirmed block	{"module": "staking indexer", "height": 197664}
2024-08-04T04:10:46.809325Z	info	received confirmed block	{"module": "staking indexer", "height": 197665}
2024-08-04T04:10:46.824337Z	info	received confirmed block	{"module": "staking indexer", "height": 197666}
2024-08-04T04:10:46.842310Z	info	received confirmed block	{"module": "staking indexer", "height": 197667}
2024-08-04T04:10:46.858319Z	info	received confirmed block	{"module": "staking indexer", "height": 197668}
2024-08-04T04:10:46.875378Z	info	received confirmed block	{"module": "staking indexer", "height": 197669}
2024-08-04T04:10:46.892340Z	info	received confirmed block	{"module": "staking indexer", "height": 197670}
2024-08-04T04:10:46.908318Z	info	received confirmed block	{"module": "staking indexer", "height": 197671}
2024-08-04T04:10:46.925328Z	info	received confirmed block	{"module": "staking indexer", "height": 197672}
2024-08-04T04:10:46.942277Z	info	received confirmed block	{"module": "staking indexer", "height": 197673}
2024-08-04T04:10:46.959296Z	info	received confirmed block	{"module": "staking indexer", "height": 197674}
2024-08-04T04:10:46.975403Z	info	received confirmed block	{"module": "staking indexer", "height": 197675}
2024-08-04T04:10:46.991347Z	info	received confirmed block	{"module": "staking indexer", "height": 197676}
2024-08-04T04:10:47.008347Z	info	received confirmed block	{"module": "staking indexer", "height": 197677}
2024-08-04T04:10:47.024355Z	info	received confirmed block	{"module": "staking indexer", "height": 197678}
2024-08-04T04:10:47.043310Z	info	received confirmed block	{"module": "staking indexer", "height": 197679}
2024-08-04T04:10:47.058326Z	info	received confirmed block	{"module": "staking indexer", "height": 197680}
2024-08-04T04:10:47.074289Z	info	received confirmed block	{"module": "staking indexer", "height": 197681}
2024-08-04T04:10:47.091320Z	info	received confirmed block	{"module": "staking indexer", "height": 197682}
2024-08-04T04:10:47.110058Z	info	received confirmed block	{"module": "staking indexer", "height": 197683}
2024-08-04T04:10:47.125395Z	info	received confirmed block	{"module": "staking indexer", "height": 197684}
2024-08-04T04:10:47.143303Z	info	received confirmed block	{"module": "staking indexer", "height": 197685}
2024-08-04T04:10:47.160309Z	info	received confirmed block	{"module": "staking indexer", "height": 197686}
2024-08-04T04:10:47.176399Z	info	received confirmed block	{"module": "staking indexer", "height": 197687}
2024-08-04T04:10:47.191327Z	info	received confirmed block	{"module": "staking indexer", "height": 197688}
2024-08-04T04:10:47.208352Z	info	received confirmed block	{"module": "staking indexer", "height": 197689}
2024-08-04T04:10:47.225310Z	info	received confirmed block	{"module": "staking indexer", "height": 197690}
2024-08-04T04:10:47.241337Z	info	received confirmed block	{"module": "staking indexer", "height": 197691}
2024-08-04T04:10:47.267890Z	info	received confirmed block	{"module": "staking indexer", "height": 197692}
2024-08-04T04:10:47.288833Z	info	received confirmed block	{"module": "staking indexer", "height": 197693}
2024-08-04T04:10:47.307271Z	info	received confirmed block	{"module": "staking indexer", "height": 197694}
2024-08-04T04:10:47.323323Z	info	received confirmed block	{"module": "staking indexer", "height": 197695}
2024-08-04T04:10:47.339303Z	info	received confirmed block	{"module": "staking indexer", "height": 197696}
2024-08-04T04:10:47.353837Z	info	received confirmed block	{"module": "staking indexer", "height": 197697}
2024-08-04T04:10:47.371415Z	info	received confirmed block	{"module": "staking indexer", "height": 197698}
2024-08-04T04:10:47.388394Z	info	received confirmed block	{"module": "staking indexer", "height": 197699}
2024-08-04T04:10:47.406313Z	info	received confirmed block	{"module": "staking indexer", "height": 197700}
2024-08-04T04:10:47.424488Z	info	received confirmed block	{"module": "staking indexer", "height": 197701}
2024-08-04T04:10:47.441071Z	info	received confirmed block	{"module": "staking indexer", "height": 197702}
2024-08-04T04:10:47.459298Z	info	received confirmed block	{"module": "staking indexer", "height": 197703}
2024-08-04T04:10:47.476369Z	info	received confirmed block	{"module": "staking indexer", "height": 197704}
2024-08-04T04:10:47.492701Z	info	received confirmed block	{"module": "staking indexer", "height": 197705}
2024-08-04T04:10:47.509455Z	info	received confirmed block	{"module": "staking indexer", "height": 197706}
2024-08-04T04:10:47.525305Z	info	received confirmed block	{"module": "staking indexer", "height": 197707}
2024-08-04T04:10:47.542336Z	info	received confirmed block	{"module": "staking indexer", "height": 197708}
2024-08-04T04:10:47.558305Z	info	received confirmed block	{"module": "staking indexer", "height": 197709}
2024-08-04T04:10:47.575318Z	info	received confirmed block	{"module": "staking indexer", "height": 197710}
2024-08-04T04:10:47.593363Z	info	received confirmed block	{"module": "staking indexer", "height": 197711}
2024-08-04T04:10:47.609354Z	info	received confirmed block	{"module": "staking indexer", "height": 197712}
2024-08-04T04:10:47.625283Z	info	received confirmed block	{"module": "staking indexer", "height": 197713}
2024-08-04T04:10:47.642309Z	info	received confirmed block	{"module": "staking indexer", "height": 197714}
2024-08-04T04:10:47.659653Z	info	received confirmed block	{"module": "staking indexer", "height": 197715}
2024-08-04T04:10:47.676316Z	info	received confirmed block	{"module": "staking indexer", "height": 197716}
2024-08-04T04:10:47.693296Z	info	received confirmed block	{"module": "staking indexer", "height": 197717}
2024-08-04T04:10:47.710326Z	info	received confirmed block	{"module": "staking indexer", "height": 197718}
2024-08-04T04:10:47.727286Z	info	received confirmed block	{"module": "staking indexer", "height": 197719}
2024-08-04T04:10:47.744366Z	info	received confirmed block	{"module": "staking indexer", "height": 197720}
2024-08-04T04:10:47.761373Z	info	received confirmed block	{"module": "staking indexer", "height": 197721}
2024-08-04T04:10:47.778387Z	info	received confirmed block	{"module": "staking indexer", "height": 197722}
2024-08-04T04:10:47.795659Z	info	received confirmed block	{"module": "staking indexer", "height": 197723}
2024-08-04T04:10:47.811417Z	info	received confirmed block	{"module": "staking indexer", "height": 197724}
2024-08-04T04:10:47.828374Z	info	received confirmed block	{"module": "staking indexer", "height": 197725}
2024-08-04T04:10:47.845410Z	info	received confirmed block	{"module": "staking indexer", "height": 197726}
2024-08-04T04:10:47.861354Z	info	received confirmed block	{"module": "staking indexer", "height": 197727}
2024-08-04T04:10:47.878344Z	info	received confirmed block	{"module": "staking indexer", "height": 197728}
2024-08-04T04:10:47.895280Z	info	received confirmed block	{"module": "staking indexer", "height": 197729}
2024-08-04T04:10:47.910274Z	info	received confirmed block	{"module": "staking indexer", "height": 197730}
2024-08-04T04:10:47.927306Z	info	received confirmed block	{"module": "staking indexer", "height": 197731}
2024-08-04T04:10:47.942629Z	info	received confirmed block	{"module": "staking indexer", "height": 197732}
2024-08-04T04:10:47.958451Z	info	received confirmed block	{"module": "staking indexer", "height": 197733}
2024-08-04T04:10:47.972988Z	info	received confirmed block	{"module": "staking indexer", "height": 197734}
2024-08-04T04:10:47.991384Z	info	processing unconfirmed blocks	{"module": "staking indexer", "start_height": 197735, "end_height": 197735}
2024-08-04T04:10:47.991428Z	info	successfully calculated unconfirmed TVL	{"module": "staking indexer", "tip_height": 197735, "confirmed_tvl": 0, "tvl_in_unconfirmed_blocks": 0, "unconfirmed_tvl": 0}
2024-08-04T04:10:47.991444Z	info	pushing btc info event	{"module": "queue consumer", "height": 197735}
2024-08-04T04:10:47.994517Z	info	successfully pushed btc info event	{"module": "queue consumer", "height": 197735}
2024-08-04T04:10:47.994543Z	info	received confirmed block	{"module": "staking indexer", "height": 197735}
2024-08-04T04:10:48.010366Z	info	received confirmed block	{"module": "staking indexer", "height": 197736}
2024-08-04T04:10:48.029387Z	info	received confirmed block	{"module": "staking indexer", "height": 197737}
2024-08-04T04:10:48.044390Z	info	received confirmed block	{"module": "staking indexer", "height": 197738}
2024-08-04T04:10:48.059304Z	info	received confirmed block	{"module": "staking indexer", "height": 197739}
2024-08-04T04:10:48.075325Z	info	received confirmed block	{"module": "staking indexer", "height": 197740}
2024-08-04T04:10:48.090309Z	info	received confirmed block	{"module": "staking indexer", "height": 197741}
2024-08-04T04:10:48.107488Z	info	received confirmed block	{"module": "staking indexer", "height": 197742}
2024-08-04T04:10:48.123318Z	info	received confirmed block	{"module": "staking indexer", "height": 197743}
2024-08-04T04:10:48.139313Z	info	received confirmed block	{"module": "staking indexer", "height": 197744}
2024-08-04T04:10:48.155355Z	info	received confirmed block	{"module": "staking indexer", "height": 197745}
2024-08-04T04:10:48.171384Z	info	received confirmed block	{"module": "staking indexer", "height": 197746}
2024-08-04T04:10:48.186332Z	info	received confirmed block	{"module": "staking indexer", "height": 197747}
2024-08-04T04:10:48.202344Z	info	received confirmed block	{"module": "staking indexer", "height": 197748}
2024-08-04T04:10:48.219326Z	info	received confirmed block	{"module": "staking indexer", "height": 197749}
2024-08-04T04:10:48.235342Z	info	received confirmed block	{"module": "staking indexer", "height": 197750}
2024-08-04T04:10:48.251276Z	info	received confirmed block	{"module": "staking indexer", "height": 197751}
2024-08-04T04:10:48.267320Z	info	received confirmed block	{"module": "staking indexer", "height": 197752}
2024-08-04T04:10:48.284682Z	info	received confirmed block	{"module": "staking indexer", "height": 197753}
2024-08-04T04:10:48.301362Z	info	received confirmed block	{"module": "staking indexer", "height": 197754}
2024-08-04T04:10:48.316371Z	info	received confirmed block	{"module": "staking indexer", "height": 197755}
2024-08-04T04:10:48.332338Z	info	received confirmed block	{"module": "staking indexer", "height": 197756}
2024-08-04T04:10:48.348320Z	info	received confirmed block	{"module": "staking indexer", "height": 197757}
2024-08-04T04:10:48.363355Z	info	received confirmed block	{"module": "staking indexer", "height": 197758}
2024-08-04T04:10:48.377298Z	info	received confirmed block	{"module": "staking indexer", "height": 197759}
2024-08-04T04:10:48.393320Z	info	received confirmed block	{"module": "staking indexer", "height": 197760}
2024-08-04T04:10:48.408314Z	info	received confirmed block	{"module": "staking indexer", "height": 197761}
2024-08-04T04:10:48.424350Z	info	received confirmed block	{"module": "staking indexer", "height": 197762}
2024-08-04T04:10:48.439395Z	info	received confirmed block	{"module": "staking indexer", "height": 197763}
2024-08-04T04:10:48.455340Z	info	received confirmed block	{"module": "staking indexer", "height": 197764}
2024-08-04T04:10:48.470338Z	info	received confirmed block	{"module": "staking indexer", "height": 197765}
2024-08-04T04:10:48.486322Z	info	received confirmed block	{"module": "staking indexer", "height": 197766}
2024-08-04T04:10:48.503461Z	info	received confirmed block	{"module": "staking indexer", "height": 197767}
2024-08-04T04:10:48.519286Z	info	received confirmed block	{"module": "staking indexer", "height": 197768}
2024-08-04T04:10:48.535317Z	info	received confirmed block	{"module": "staking indexer", "height": 197769}
2024-08-04T04:10:48.551343Z	info	received confirmed block	{"module": "staking indexer", "height": 197770}
2024-08-04T04:10:48.568421Z	info	received confirmed block	{"module": "staking indexer", "height": 197771}
2024-08-04T04:10:48.586389Z	info	received confirmed block	{"module": "staking indexer", "height": 197772}
2024-08-04T04:10:48.603373Z	info	received confirmed block	{"module": "staking indexer", "height": 197773}
2024-08-04T04:10:48.620384Z	info	received confirmed block	{"module": "staking indexer", "height": 197774}
2024-08-04T04:10:48.638378Z	info	received confirmed block	{"module": "staking indexer", "height": 197775}
2024-08-04T04:10:48.656283Z	info	received confirmed block	{"module": "staking indexer", "height": 197776}
2024-08-04T04:10:48.671389Z	info	received confirmed block	{"module": "staking indexer", "height": 197777}
2024-08-04T04:10:48.689347Z	info	received confirmed block	{"module": "staking indexer", "height": 197778}
2024-08-04T04:10:48.706388Z	info	received confirmed block	{"module": "staking indexer", "height": 197779}
2024-08-04T04:10:48.722600Z	info	received confirmed block	{"module": "staking indexer", "height": 197780}
2024-08-04T04:10:48.738354Z	info	received confirmed block	{"module": "staking indexer", "height": 197781}
2024-08-04T04:10:48.757350Z	info	received confirmed block	{"module": "staking indexer", "height": 197782}
2024-08-04T04:10:48.774362Z	info	received confirmed block	{"module": "staking indexer", "height": 197783}
2024-08-04T04:10:48.790347Z	info	received confirmed block	{"module": "staking indexer", "height": 197784}
2024-08-04T04:10:48.806326Z	info	received confirmed block	{"module": "staking indexer", "height": 197785}
2024-08-04T04:10:48.823345Z	info	received confirmed block	{"module": "staking indexer", "height": 197786}
2024-08-04T04:10:48.841321Z	info	received confirmed block	{"module": "staking indexer", "height": 197787}
2024-08-04T04:10:48.857337Z	info	received confirmed block	{"module": "staking indexer", "height": 197788}
2024-08-04T04:10:48.873727Z	info	received confirmed block	{"module": "staking indexer", "height": 197789}
2024-08-04T04:10:48.891370Z	info	received confirmed block	{"module": "staking indexer", "height": 197790}
2024-08-04T04:10:48.907363Z	info	received confirmed block	{"module": "staking indexer", "height": 197791}
2024-08-04T04:10:48.925355Z	info	received confirmed block	{"module": "staking indexer", "height": 197792}
2024-08-04T04:10:48.941337Z	info	received confirmed block	{"module": "staking indexer", "height": 197793}
2024-08-04T04:10:48.959338Z	info	received confirmed block	{"module": "staking indexer", "height": 197794}
2024-08-04T04:10:48.975323Z	info	received confirmed block	{"module": "staking indexer", "height": 197795}
2024-08-04T04:10:48.993311Z	info	received confirmed block	{"module": "staking indexer", "height": 197796}
2024-08-04T04:10:49.009695Z	info	received confirmed block	{"module": "staking indexer", "height": 197797}
2024-08-04T04:10:49.027399Z	info	received confirmed block	{"module": "staking indexer", "height": 197798}
2024-08-04T04:10:49.043391Z	info	received confirmed block	{"module": "staking indexer", "height": 197799}
2024-08-04T04:10:49.062392Z	info	received confirmed block	{"module": "staking indexer", "height": 197800}
2024-08-04T04:10:49.078395Z	info	received confirmed block	{"module": "staking indexer", "height": 197801}
2024-08-04T04:10:49.096396Z	info	received confirmed block	{"module": "staking indexer", "height": 197802}
2024-08-04T04:10:49.113383Z	info	received confirmed block	{"module": "staking indexer", "height": 197803}
2024-08-04T04:10:49.130427Z	info	received confirmed block	{"module": "staking indexer", "height": 197804}
2024-08-04T04:10:49.147346Z	info	received confirmed block	{"module": "staking indexer", "height": 197805}
2024-08-04T04:10:49.162372Z	info	received confirmed block	{"module": "staking indexer", "height": 197806}
2024-08-04T04:10:49.179679Z	info	received confirmed block	{"module": "staking indexer", "height": 197807}
2024-08-04T04:10:49.195383Z	info	received confirmed block	{"module": "staking indexer", "height": 197808}
2024-08-04T04:10:49.213381Z	info	received confirmed block	{"module": "staking indexer", "height": 197809}
2024-08-04T04:10:49.229338Z	info	received confirmed block	{"module": "staking indexer", "height": 197810}
2024-08-04T04:10:49.245344Z	info	received confirmed block	{"module": "staking indexer", "height": 197811}
2024-08-04T04:10:49.261699Z	info	received confirmed block	{"module": "staking indexer", "height": 197812}
2024-08-04T04:10:49.276370Z	info	received confirmed block	{"module": "staking indexer", "height": 197813}
2024-08-04T04:10:49.293363Z	info	received confirmed block	{"module": "staking indexer", "height": 197814}
2024-08-04T04:10:49.309351Z	info	received confirmed block	{"module": "staking indexer", "height": 197815}
2024-08-04T04:10:49.325385Z	info	received confirmed block	{"module": "staking indexer", "height": 197816}
2024-08-04T04:10:49.340135Z	info	received confirmed block	{"module": "staking indexer", "height": 197817}
2024-08-04T04:10:49.356321Z	info	received confirmed block	{"module": "staking indexer", "height": 197818}
2024-08-04T04:10:49.372058Z	info	received confirmed block	{"module": "staking indexer", "height": 197819}
2024-08-04T04:10:49.388717Z	info	received confirmed block	{"module": "staking indexer", "height": 197820}
2024-08-04T04:10:49.404892Z	info	received confirmed block	{"module": "staking indexer", "height": 197821}
2024-08-04T04:10:49.421387Z	info	received confirmed block	{"module": "staking indexer", "height": 197822}
2024-08-04T04:10:49.437408Z	info	received confirmed block	{"module": "staking indexer", "height": 197823}
2024-08-04T04:10:49.453378Z	info	received confirmed block	{"module": "staking indexer", "height": 197824}
2024-08-04T04:10:49.467837Z	info	received confirmed block	{"module": "staking indexer", "height": 197825}
2024-08-04T04:10:49.484324Z	info	received confirmed block	{"module": "staking indexer", "height": 197826}
2024-08-04T04:10:49.500377Z	info	received confirmed block	{"module": "staking indexer", "height": 197827}
2024-08-04T04:10:49.518107Z	info	received confirmed block	{"module": "staking indexer", "height": 197828}
2024-08-04T04:10:49.534408Z	info	received confirmed block	{"module": "staking indexer", "height": 197829}
2024-08-04T04:10:49.550414Z	info	received confirmed block	{"module": "staking indexer", "height": 197830}
2024-08-04T04:10:49.564844Z	info	received confirmed block	{"module": "staking indexer", "height": 197831}
2024-08-04T04:10:49.581326Z	info	received confirmed block	{"module": "staking indexer", "height": 197832}
2024-08-04T04:10:49.595756Z	info	received confirmed block	{"module": "staking indexer", "height": 197833}
2024-08-04T04:10:49.612379Z	info	received confirmed block	{"module": "staking indexer", "height": 197834}
2024-08-04T04:10:49.628389Z	info	processing unconfirmed blocks	{"module": "staking indexer", "start_height": 197835, "end_height": 197835}
2024-08-04T04:10:49.628493Z	info	successfully calculated unconfirmed TVL	{"module": "staking indexer", "tip_height": 197835, "confirmed_tvl": 0, "tvl_in_unconfirmed_blocks": 0, "unconfirmed_tvl": 0}
2024-08-04T04:10:49.628521Z	info	pushing btc info event	{"module": "queue consumer", "height": 197835}
2024-08-04T04:10:49.632037Z	info	successfully pushed btc info event	{"module": "queue consumer", "height": 197835}
2024-08-04T04:10:49.632050Z	info	received confirmed block	{"module": "staking indexer", "height": 197835}
2024-08-04T04:10:49.648338Z	info	received confirmed block	{"module": "staking indexer", "height": 197836}
2024-08-04T04:10:49.668936Z	info	received confirmed block	{"module": "staking indexer", "height": 197837}
2024-08-04T04:10:49.685394Z	info	received confirmed block	{"module": "staking indexer", "height": 197838}
2024-08-04T04:10:49.699877Z	info	received confirmed block	{"module": "staking indexer", "height": 197839}
2024-08-04T04:10:49.715346Z	info	received confirmed block	{"module": "staking indexer", "height": 197840}
2024-08-04T04:10:49.730346Z	info	received confirmed block	{"module": "staking indexer", "height": 197841}
2024-08-04T04:10:49.744421Z	info	received confirmed block	{"module": "staking indexer", "height": 197842}
2024-08-04T04:10:49.759180Z	info	received confirmed block	{"module": "staking indexer", "height": 197843}
2024-08-04T04:10:49.773376Z	info	received confirmed block	{"module": "staking indexer", "height": 197844}
2024-08-04T04:10:49.786692Z	info	received confirmed block	{"module": "staking indexer", "height": 197845}
2024-08-04T04:10:49.802340Z	info	received confirmed block	{"module": "staking indexer", "height": 197846}
2024-08-04T04:10:49.818377Z	info	received confirmed block	{"module": "staking indexer", "height": 197847}
2024-08-04T04:10:49.834317Z	info	received confirmed block	{"module": "staking indexer", "height": 197848}
2024-08-04T04:10:49.847740Z	info	received confirmed block	{"module": "staking indexer", "height": 197849}
2024-08-04T04:10:49.863338Z	info	received confirmed block	{"module": "staking indexer", "height": 197850}
2024-08-04T04:10:49.876524Z	info	received confirmed block	{"module": "staking indexer", "height": 197851}
2024-08-04T04:10:49.893408Z	info	received confirmed block	{"module": "staking indexer", "height": 197852}
2024-08-04T04:10:49.908368Z	info	received confirmed block	{"module": "staking indexer", "height": 197853}
2024-08-04T04:10:49.924371Z	info	received confirmed block	{"module": "staking indexer", "height": 197854}
2024-08-04T04:10:49.937786Z	info	received confirmed block	{"module": "staking indexer", "height": 197855}
2024-08-04T04:10:49.953363Z	info	received confirmed block	{"module": "staking indexer", "height": 197856}
2024-08-04T04:10:49.966463Z	info	received confirmed block	{"module": "staking indexer", "height": 197857}
2024-08-04T04:10:49.981721Z	info	received confirmed block	{"module": "staking indexer", "height": 197858}
2024-08-04T04:10:49.995107Z	info	received confirmed block	{"module": "staking indexer", "height": 197859}
2024-08-04T04:10:50.010400Z	info	received confirmed block	{"module": "staking indexer", "height": 197860}
2024-08-04T04:10:50.024164Z	info	received confirmed block	{"module": "staking indexer", "height": 197861}
2024-08-04T04:10:50.039392Z	info	received confirmed block	{"module": "staking indexer", "height": 197862}
2024-08-04T04:10:50.053023Z	info	received confirmed block	{"module": "staking indexer", "height": 197863}
2024-08-04T04:10:50.067306Z	info	received confirmed block	{"module": "staking indexer", "height": 197864}
2024-08-04T04:10:50.080221Z	info	received confirmed block	{"module": "staking indexer", "height": 197865}
2024-08-04T04:10:50.096344Z	info	received confirmed block	{"module": "staking indexer", "height": 197866}
2024-08-04T04:10:50.109356Z	info	received confirmed block	{"module": "staking indexer", "height": 197867}
2024-08-04T04:10:50.126414Z	info	received confirmed block	{"module": "staking indexer", "height": 197868}
2024-08-04T04:10:50.139879Z	info	received confirmed block	{"module": "staking indexer", "height": 197869}
2024-08-04T04:10:50.155365Z	info	received confirmed block	{"module": "staking indexer", "height": 197870}
2024-08-04T04:10:50.170253Z	info	received confirmed block	{"module": "staking indexer", "height": 197871}
2024-08-04T04:10:50.186465Z	info	received confirmed block	{"module": "staking indexer", "height": 197872}
2024-08-04T04:10:50.200747Z	info	received confirmed block	{"module": "staking indexer", "height": 197873}
2024-08-04T04:10:50.217354Z	info	received confirmed block	{"module": "staking indexer", "height": 197874}
2024-08-04T04:10:50.231602Z	info	received confirmed block	{"module": "staking indexer", "height": 197875}
2024-08-04T04:10:50.248320Z	info	received confirmed block	{"module": "staking indexer", "height": 197876}
2024-08-04T04:10:50.262820Z	info	received confirmed block	{"module": "staking indexer", "height": 197877}
2024-08-04T04:10:50.279461Z	info	received confirmed block	{"module": "staking indexer", "height": 197878}
2024-08-04T04:10:50.293402Z	info	received confirmed block	{"module": "staking indexer", "height": 197879}
2024-08-04T04:10:50.309366Z	info	received confirmed block	{"module": "staking indexer", "height": 197880}
2024-08-04T04:10:50.323871Z	info	received confirmed block	{"module": "staking indexer", "height": 197881}
2024-08-04T04:10:50.351804Z	info	received confirmed block	{"module": "staking indexer", "height": 197882}
2024-08-04T04:10:50.369356Z	info	received confirmed block	{"module": "staking indexer", "height": 197883}
2024-08-04T04:10:50.385758Z	info	received confirmed block	{"module": "staking indexer", "height": 197884}
2024-08-04T04:10:50.402020Z	info	received confirmed block	{"module": "staking indexer", "height": 197885}
2024-08-04T04:10:50.420445Z	info	received confirmed block	{"module": "staking indexer", "height": 197886}
2024-08-04T04:10:50.434845Z	info	received confirmed block	{"module": "staking indexer", "height": 197887}
2024-08-04T04:10:50.451381Z	info	received confirmed block	{"module": "staking indexer", "height": 197888}
2024-08-04T04:10:50.467410Z	info	received confirmed block	{"module": "staking indexer", "height": 197889}
2024-08-04T04:10:50.483309Z	info	received confirmed block	{"module": "staking indexer", "height": 197890}
2024-08-04T04:10:50.497831Z	info	received confirmed block	{"module": "staking indexer", "height": 197891}
2024-08-04T04:10:50.513425Z	info	received confirmed block	{"module": "staking indexer", "height": 197892}
2024-08-04T04:10:50.527778Z	info	received confirmed block	{"module": "staking indexer", "height": 197893}
2024-08-04T04:10:50.543374Z	info	received confirmed block	{"module": "staking indexer", "height": 197894}
2024-08-04T04:10:50.559330Z	info	received confirmed block	{"module": "staking indexer", "height": 197895}
2024-08-04T04:10:50.576377Z	info	received confirmed block	{"module": "staking indexer", "height": 197896}
2024-08-04T04:10:50.591153Z	info	received confirmed block	{"module": "staking indexer", "height": 197897}
2024-08-04T04:10:50.608374Z	info	received confirmed block	{"module": "staking indexer", "height": 197898}
2024-08-04T04:10:50.623089Z	info	received confirmed block	{"module": "staking indexer", "height": 197899}
2024-08-04T04:10:50.639351Z	info	received confirmed block	{"module": "staking indexer", "height": 197900}
2024-08-04T04:10:50.654518Z	info	received confirmed block	{"module": "staking indexer", "height": 197901}
2024-08-04T04:10:50.671448Z	info	received confirmed block	{"module": "staking indexer", "height": 197902}
2024-08-04T04:10:50.685783Z	info	received confirmed block	{"module": "staking indexer", "height": 197903}
2024-08-04T04:10:50.702358Z	info	received confirmed block	{"module": "staking indexer", "height": 197904}
2024-08-04T04:10:50.717199Z	info	received confirmed block	{"module": "staking indexer", "height": 197905}
2024-08-04T04:10:50.736474Z	info	received confirmed block	{"module": "staking indexer", "height": 197906}
2024-08-04T04:10:50.759372Z	info	received confirmed block	{"module": "staking indexer", "height": 197907}
2024-08-04T04:10:50.778449Z	info	received confirmed block	{"module": "staking indexer", "height": 197908}
2024-08-04T04:10:50.793686Z	info	received confirmed block	{"module": "staking indexer", "height": 197909}
2024-08-04T04:10:50.810405Z	info	received confirmed block	{"module": "staking indexer", "height": 197910}
2024-08-04T04:10:50.828435Z	info	received confirmed block	{"module": "staking indexer", "height": 197911}
2024-08-04T04:10:50.846466Z	info	received confirmed block	{"module": "staking indexer", "height": 197912}
2024-08-04T04:10:50.864400Z	info	received confirmed block	{"module": "staking indexer", "height": 197913}
2024-08-04T04:10:50.882401Z	info	received confirmed block	{"module": "staking indexer", "height": 197914}
2024-08-04T04:10:50.896811Z	info	received confirmed block	{"module": "staking indexer", "height": 197915}
2024-08-04T04:10:50.915380Z	info	received confirmed block	{"module": "staking indexer", "height": 197916}
2024-08-04T04:10:50.930453Z	info	received confirmed block	{"module": "staking indexer", "height": 197917}
2024-08-04T04:10:50.946428Z	info	received confirmed block	{"module": "staking indexer", "height": 197918}
2024-08-04T04:10:50.962442Z	info	received confirmed block	{"module": "staking indexer", "height": 197919}
2024-08-04T04:10:50.978383Z	info	received confirmed block	{"module": "staking indexer", "height": 197920}
2024-08-04T04:10:50.992425Z	info	received confirmed block	{"module": "staking indexer", "height": 197921}
2024-08-04T04:10:51.009368Z	info	received confirmed block	{"module": "staking indexer", "height": 197922}
2024-08-04T04:10:51.023606Z	info	received confirmed block	{"module": "staking indexer", "height": 197923}
2024-08-04T04:10:51.040654Z	info	received confirmed block	{"module": "staking indexer", "height": 197924}
2024-08-04T04:10:51.056434Z	info	received confirmed block	{"module": "staking indexer", "height": 197925}
2024-08-04T04:10:51.073359Z	info	received confirmed block	{"module": "staking indexer", "height": 197926}
2024-08-04T04:10:51.088105Z	info	received confirmed block	{"module": "staking indexer", "height": 197927}
2024-08-04T04:10:51.106494Z	info	received confirmed block	{"module": "staking indexer", "height": 197928}
2024-08-04T04:10:51.124115Z	info	received confirmed block	{"module": "staking indexer", "height": 197929}
2024-08-04T04:10:51.141367Z	info	received confirmed block	{"module": "staking indexer", "height": 197930}
2024-08-04T04:10:51.157716Z	info	received confirmed block	{"module": "staking indexer", "height": 197931}
2024-08-04T04:10:51.174437Z	info	received confirmed block	{"module": "staking indexer", "height": 197932}
2024-08-04T04:10:51.191570Z	info	received confirmed block	{"module": "staking indexer", "height": 197933}
2024-08-04T04:10:51.210382Z	info	received confirmed block	{"module": "staking indexer", "height": 197934}
2024-08-04T04:10:51.224378Z	info	processing unconfirmed blocks	{"module": "staking indexer", "start_height": 197935, "end_height": 197935}
2024-08-04T04:10:51.225329Z	info	successfully calculated unconfirmed TVL	{"module": "staking indexer", "tip_height": 197935, "confirmed_tvl": 0, "tvl_in_unconfirmed_blocks": 0, "unconfirmed_tvl": 0}
2024-08-04T04:10:51.225352Z	info	pushing btc info event	{"module": "queue consumer", "height": 197935}
2024-08-04T04:10:51.227269Z	info	successfully pushed btc info event	{"module": "queue consumer", "height": 197935}
2024-08-04T04:10:51.227290Z	info	received confirmed block	{"module": "staking indexer", "height": 197935}
2024-08-04T04:10:51.244351Z	info	received confirmed block	{"module": "staking indexer", "height": 197936}
2024-08-04T04:10:51.260357Z	info	received confirmed block	{"module": "staking indexer", "height": 197937}
2024-08-04T04:10:51.277323Z	info	received confirmed block	{"module": "staking indexer", "height": 197938}
2024-08-04T04:10:51.292540Z	info	received confirmed block	{"module": "staking indexer", "height": 197939}
2024-08-04T04:10:51.310699Z	info	received confirmed block	{"module": "staking indexer", "height": 197940}
2024-08-04T04:10:51.325306Z	info	received confirmed block	{"module": "staking indexer", "height": 197941}
2024-08-04T04:10:51.340356Z	info	received confirmed block	{"module": "staking indexer", "height": 197942}
2024-08-04T04:10:51.355406Z	info	received confirmed block	{"module": "staking indexer", "height": 197943}
2024-08-04T04:10:51.370359Z	info	received confirmed block	{"module": "staking indexer", "height": 197944}
2024-08-04T04:10:51.386336Z	info	received confirmed block	{"module": "staking indexer", "height": 197945}
2024-08-04T04:10:51.401344Z	info	received confirmed block	{"module": "staking indexer", "height": 197946}
2024-08-04T04:10:51.415534Z	info	received confirmed block	{"module": "staking indexer", "height": 197947}
2024-08-04T04:10:51.430333Z	info	received confirmed block	{"module": "staking indexer", "height": 197948}
2024-08-04T04:10:51.445384Z	info	received confirmed block	{"module": "staking indexer", "height": 197949}
2024-08-04T04:10:51.463426Z	info	received confirmed block	{"module": "staking indexer", "height": 197950}
2024-08-04T04:10:51.476478Z	info	received confirmed block	{"module": "staking indexer", "height": 197951}
2024-08-04T04:10:51.493367Z	info	received confirmed block	{"module": "staking indexer", "height": 197952}
2024-08-04T04:10:51.509224Z	info	received confirmed block	{"module": "staking indexer", "height": 197953}
2024-08-04T04:10:51.526745Z	info	received confirmed block	{"module": "staking indexer", "height": 197954}
2024-08-04T04:10:51.541424Z	info	received confirmed block	{"module": "staking indexer", "height": 197955}
2024-08-04T04:10:51.557368Z	info	received confirmed block	{"module": "staking indexer", "height": 197956}
2024-08-04T04:10:51.570781Z	info	received confirmed block	{"module": "staking indexer", "height": 197957}
2024-08-04T04:10:51.586365Z	info	received confirmed block	{"module": "staking indexer", "height": 197958}
2024-08-04T04:10:51.600973Z	info	received confirmed block	{"module": "staking indexer", "height": 197959}
2024-08-04T04:10:51.617401Z	info	received confirmed block	{"module": "staking indexer", "height": 197960}
2024-08-04T04:10:51.634746Z	info	received confirmed block	{"module": "staking indexer", "height": 197961}
2024-08-04T04:10:51.652743Z	info	received confirmed block	{"module": "staking indexer", "height": 197962}
2024-08-04T04:10:51.670445Z	info	received confirmed block	{"module": "staking indexer", "height": 197963}
2024-08-04T04:10:51.689360Z	info	received confirmed block	{"module": "staking indexer", "height": 197964}
2024-08-04T04:10:51.707377Z	info	received confirmed block	{"module": "staking indexer", "height": 197965}
2024-08-04T04:10:51.724345Z	info	received confirmed block	{"module": "staking indexer", "height": 197966}
2024-08-04T04:10:51.740402Z	info	received confirmed block	{"module": "staking indexer", "height": 197967}
2024-08-04T04:10:51.756410Z	info	received confirmed block	{"module": "staking indexer", "height": 197968}
2024-08-04T04:10:51.774376Z	info	received confirmed block	{"module": "staking indexer", "height": 197969}
2024-08-04T04:10:51.791383Z	info	received confirmed block	{"module": "staking indexer", "height": 197970}
2024-08-04T04:10:51.808382Z	info	received confirmed block	{"module": "staking indexer", "height": 197971}
2024-08-04T04:10:51.827408Z	info	received confirmed block	{"module": "staking indexer", "height": 197972}
2024-08-04T04:10:51.844782Z	info	received confirmed block	{"module": "staking indexer", "height": 197973}
2024-08-04T04:10:51.862387Z	info	received confirmed block	{"module": "staking indexer", "height": 197974}
2024-08-04T04:10:51.878909Z	info	received confirmed block	{"module": "staking indexer", "height": 197975}
2024-08-04T04:10:51.893561Z	info	received confirmed block	{"module": "staking indexer", "height": 197976}
2024-08-04T04:10:51.910385Z	info	received confirmed block	{"module": "staking indexer", "height": 197977}
2024-08-04T04:10:51.927404Z	info	received confirmed block	{"module": "staking indexer", "height": 197978}
2024-08-04T04:10:51.942428Z	info	received confirmed block	{"module": "staking indexer", "height": 197979}
2024-08-04T04:10:51.960559Z	info	received confirmed block	{"module": "staking indexer", "height": 197980}
2024-08-04T04:10:51.974791Z	info	received confirmed block	{"module": "staking indexer", "height": 197981}
2024-08-04T04:10:51.991438Z	info	received confirmed block	{"module": "staking indexer", "height": 197982}
2024-08-04T04:10:52.007382Z	info	received confirmed block	{"module": "staking indexer", "height": 197983}
2024-08-04T04:10:52.025384Z	info	received confirmed block	{"module": "staking indexer", "height": 197984}
2024-08-04T04:10:52.039570Z	info	received confirmed block	{"module": "staking indexer", "height": 197985}
2024-08-04T04:10:52.056748Z	info	received confirmed block	{"module": "staking indexer", "height": 197986}
2024-08-04T04:10:52.070920Z	info	received confirmed block	{"module": "staking indexer", "height": 197987}
2024-08-04T04:10:52.086383Z	info	received confirmed block	{"module": "staking indexer", "height": 197988}
2024-08-04T04:10:52.102462Z	info	received confirmed block	{"module": "staking indexer", "height": 197989}
2024-08-04T04:10:52.121454Z	info	received confirmed block	{"module": "staking indexer", "height": 197990}
2024-08-04T04:10:52.136270Z	info	received confirmed block	{"module": "staking indexer", "height": 197991}
2024-08-04T04:10:52.152448Z	info	received confirmed block	{"module": "staking indexer", "height": 197992}
2024-08-04T04:10:52.166424Z	info	received confirmed block	{"module": "staking indexer", "height": 197993}
2024-08-04T04:10:52.182409Z	info	received confirmed block	{"module": "staking indexer", "height": 197994}
2024-08-04T04:10:52.198426Z	info	received confirmed block	{"module": "staking indexer", "height": 197995}
2024-08-04T04:10:52.216443Z	info	received confirmed block	{"module": "staking indexer", "height": 197996}
2024-08-04T04:10:52.230966Z	info	received confirmed block	{"module": "staking indexer", "height": 197997}
2024-08-04T04:10:52.247435Z	info	received confirmed block	{"module": "staking indexer", "height": 197998}
2024-08-04T04:10:52.265412Z	info	received confirmed block	{"module": "staking indexer", "height": 197999}
2024-08-04T04:10:52.280470Z	info	received confirmed block	{"module": "staking indexer", "height": 198000}
2024-08-04T04:10:52.297413Z	info	received confirmed block	{"module": "staking indexer", "height": 198001}
2024-08-04T04:10:52.314424Z	info	received confirmed block	{"module": "staking indexer", "height": 198002}
2024-08-04T04:10:52.330383Z	info	received confirmed block	{"module": "staking indexer", "height": 198003}
2024-08-04T04:10:52.346393Z	info	received confirmed block	{"module": "staking indexer", "height": 198004}
2024-08-04T04:10:52.363391Z	info	received confirmed block	{"module": "staking indexer", "height": 198005}
2024-08-04T04:10:52.377523Z	info	received confirmed block	{"module": "staking indexer", "height": 198006}
2024-08-04T04:10:52.393349Z	info	received confirmed block	{"module": "staking indexer", "height": 198007}
2024-08-04T04:10:52.409432Z	info	received confirmed block	{"module": "staking indexer", "height": 198008}
2024-08-04T04:10:52.426474Z	info	received confirmed block	{"module": "staking indexer", "height": 198009}
2024-08-04T04:10:52.442385Z	info	received confirmed block	{"module": "staking indexer", "height": 198010}
2024-08-04T04:10:52.458440Z	info	received confirmed block	{"module": "staking indexer", "height": 198011}
2024-08-04T04:10:52.474378Z	info	received confirmed block	{"module": "staking indexer", "height": 198012}
2024-08-04T04:10:52.490353Z	info	received confirmed block	{"module": "staking indexer", "height": 198013}
2024-08-04T04:10:52.506382Z	info	received confirmed block	{"module": "staking indexer", "height": 198014}
2024-08-04T04:10:52.522425Z	info	received confirmed block	{"module": "staking indexer", "height": 198015}
2024-08-04T04:10:52.538754Z	info	received confirmed block	{"module": "staking indexer", "height": 198016}
2024-08-04T04:10:52.554611Z	info	received confirmed block	{"module": "staking indexer", "height": 198017}
2024-08-04T04:10:52.570497Z	info	received confirmed block	{"module": "staking indexer", "height": 198018}
2024-08-04T04:10:52.586471Z	info	received confirmed block	{"module": "staking indexer", "height": 198019}
2024-08-04T04:10:52.603473Z	info	received confirmed block	{"module": "staking indexer", "height": 198020}
2024-08-04T04:10:52.620415Z	info	received confirmed block	{"module": "staking indexer", "height": 198021}
2024-08-04T04:10:52.637391Z	info	received confirmed block	{"module": "staking indexer", "height": 198022}
2024-08-04T04:10:52.653446Z	info	received confirmed block	{"module": "staking indexer", "height": 198023}
2024-08-04T04:10:52.670448Z	info	received confirmed block	{"module": "staking indexer", "height": 198024}
2024-08-04T04:10:52.686807Z	info	received confirmed block	{"module": "staking indexer", "height": 198025}
2024-08-04T04:10:52.704509Z	info	received confirmed block	{"module": "staking indexer", "height": 198026}
2024-08-04T04:10:52.720467Z	info	received confirmed block	{"module": "staking indexer", "height": 198027}
2024-08-04T04:10:52.736537Z	info	received confirmed block	{"module": "staking indexer", "height": 198028}
2024-08-04T04:10:52.753456Z	info	received confirmed block	{"module": "staking indexer", "height": 198029}
2024-08-04T04:10:52.771467Z	info	received confirmed block	{"module": "staking indexer", "height": 198030}
2024-08-04T04:10:52.788408Z	info	received confirmed block	{"module": "staking indexer", "height": 198031}
2024-08-04T04:10:52.805402Z	info	received confirmed block	{"module": "staking indexer", "height": 198032}
2024-08-04T04:10:52.822425Z	info	received confirmed block	{"module": "staking indexer", "height": 198033}
2024-08-04T04:10:52.838416Z	info	received confirmed block	{"module": "staking indexer", "height": 198034}
2024-08-04T04:10:52.855419Z	info	processing unconfirmed blocks	{"module": "staking indexer", "start_height": 198035, "end_height": 198035}
2024-08-04T04:10:52.855804Z	info	successfully calculated unconfirmed TVL	{"module": "staking indexer", "tip_height": 198035, "confirmed_tvl": 0, "tvl_in_unconfirmed_blocks": 0, "unconfirmed_tvl": 0}
2024-08-04T04:10:52.855876Z	info	pushing btc info event	{"module": "queue consumer", "height": 198035}
2024-08-04T04:10:52.858898Z	info	successfully pushed btc info event	{"module": "queue consumer", "height": 198035}
2024-08-04T04:10:52.858945Z	info	received confirmed block	{"module": "staking indexer", "height": 198035}
2024-08-04T04:10:52.875457Z	info	received confirmed block	{"module": "staking indexer", "height": 198036}
2024-08-04T04:10:52.889199Z	info	received confirmed block	{"module": "staking indexer", "height": 198037}
2024-08-04T04:10:52.904442Z	info	received confirmed block	{"module": "staking indexer", "height": 198038}
2024-08-04T04:10:52.919419Z	info	received confirmed block	{"module": "staking indexer", "height": 198039}
2024-08-04T04:10:52.934424Z	info	received confirmed block	{"module": "staking indexer", "height": 198040}
2024-08-04T04:10:52.948368Z	info	received confirmed block	{"module": "staking indexer", "height": 198041}
2024-08-04T04:10:52.964371Z	info	received confirmed block	{"module": "staking indexer", "height": 198042}
2024-08-04T04:10:52.979407Z	info	received confirmed block	{"module": "staking indexer", "height": 198043}
2024-08-04T04:10:52.995403Z	info	received confirmed block	{"module": "staking indexer", "height": 198044}
2024-08-04T04:10:53.010460Z	info	received confirmed block	{"module": "staking indexer", "height": 198045}
2024-08-04T04:10:53.025405Z	info	received confirmed block	{"module": "staking indexer", "height": 198046}
2024-08-04T04:10:53.039404Z	info	received confirmed block	{"module": "staking indexer", "height": 198047}
2024-08-04T04:10:53.056476Z	info	received confirmed block	{"module": "staking indexer", "height": 198048}
2024-08-04T04:10:53.071388Z	info	received confirmed block	{"module": "staking indexer", "height": 198049}
2024-08-04T04:10:53.088389Z	info	received confirmed block	{"module": "staking indexer", "height": 198050}
2024-08-04T04:10:53.103377Z	info	received confirmed block	{"module": "staking indexer", "height": 198051}
2024-08-04T04:10:53.118393Z	info	received confirmed block	{"module": "staking indexer", "height": 198052}
2024-08-04T04:10:53.133463Z	info	received confirmed block	{"module": "staking indexer", "height": 198053}
2024-08-04T04:10:53.150437Z	info	received confirmed block	{"module": "staking indexer", "height": 198054}
2024-08-04T04:10:53.165388Z	info	received confirmed block	{"module": "staking indexer", "height": 198055}
2024-08-04T04:10:53.182552Z	info	received confirmed block	{"module": "staking indexer", "height": 198056}
2024-08-04T04:10:53.199371Z	info	received confirmed block	{"module": "staking indexer", "height": 198057}
2024-08-04T04:10:53.214414Z	info	received confirmed block	{"module": "staking indexer", "height": 198058}
2024-08-04T04:10:53.230371Z	info	received confirmed block	{"module": "staking indexer", "height": 198059}
2024-08-04T04:10:53.247536Z	info	received confirmed block	{"module": "staking indexer", "height": 198060}
2024-08-04T04:10:53.262453Z	info	received confirmed block	{"module": "staking indexer", "height": 198061}
2024-08-04T04:10:53.278406Z	info	received confirmed block	{"module": "staking indexer", "height": 198062}
2024-08-04T04:10:53.293386Z	info	received confirmed block	{"module": "staking indexer", "height": 198063}
2024-08-04T04:10:53.309452Z	info	received confirmed block	{"module": "staking indexer", "height": 198064}
2024-08-04T04:10:53.325424Z	info	received confirmed block	{"module": "staking indexer", "height": 198065}
2024-08-04T04:10:53.341482Z	info	received confirmed block	{"module": "staking indexer", "height": 198066}
2024-08-04T04:10:53.357450Z	info	received confirmed block	{"module": "staking indexer", "height": 198067}
2024-08-04T04:10:53.373789Z	info	received confirmed block	{"module": "staking indexer", "height": 198068}
2024-08-04T04:10:53.390476Z	info	received confirmed block	{"module": "staking indexer", "height": 198069}
2024-08-04T04:10:53.406574Z	info	received confirmed block	{"module": "staking indexer", "height": 198070}
2024-08-04T04:10:53.430670Z	info	received confirmed block	{"module": "staking indexer", "height": 198071}
2024-08-04T04:10:53.449421Z	info	received confirmed block	{"module": "staking indexer", "height": 198072}
2024-08-04T04:10:53.465420Z	info	received confirmed block	{"module": "staking indexer", "height": 198073}
2024-08-04T04:10:53.481387Z	info	received confirmed block	{"module": "staking indexer", "height": 198074}
2024-08-04T04:10:53.497387Z	info	received confirmed block	{"module": "staking indexer", "height": 198075}
2024-08-04T04:10:53.514374Z	info	received confirmed block	{"module": "staking indexer", "height": 198076}
2024-08-04T04:10:53.530719Z	info	received confirmed block	{"module": "staking indexer", "height": 198077}
2024-08-04T04:10:53.546491Z	info	received confirmed block	{"module": "staking indexer", "height": 198078}
2024-08-04T04:10:53.563474Z	info	received confirmed block	{"module": "staking indexer", "height": 198079}
2024-08-04T04:10:53.580431Z	info	received confirmed block	{"module": "staking indexer", "height": 198080}
2024-08-04T04:10:53.596416Z	info	received confirmed block	{"module": "staking indexer", "height": 198081}
2024-08-04T04:10:53.613369Z	info	received confirmed block	{"module": "staking indexer", "height": 198082}
2024-08-04T04:10:53.630432Z	info	received confirmed block	{"module": "staking indexer", "height": 198083}
2024-08-04T04:10:53.647445Z	info	received confirmed block	{"module": "staking indexer", "height": 198084}
2024-08-04T04:10:53.665443Z	info	received confirmed block	{"module": "staking indexer", "height": 198085}
2024-08-04T04:10:53.682384Z	info	received confirmed block	{"module": "staking indexer", "height": 198086}
2024-08-04T04:10:53.699415Z	info	received confirmed block	{"module": "staking indexer", "height": 198087}
2024-08-04T04:10:53.716793Z	info	received confirmed block	{"module": "staking indexer", "height": 198088}
2024-08-04T04:10:53.732489Z	info	received confirmed block	{"module": "staking indexer", "height": 198089}
2024-08-04T04:10:53.747406Z	info	received confirmed block	{"module": "staking indexer", "height": 198090}
2024-08-04T04:10:53.763444Z	info	received confirmed block	{"module": "staking indexer", "height": 198091}
2024-08-04T04:10:53.783423Z	info	received confirmed block	{"module": "staking indexer", "height": 198092}
2024-08-04T04:10:53.801402Z	info	received confirmed block	{"module": "staking indexer", "height": 198093}
2024-08-04T04:10:53.818870Z	info	received confirmed block	{"module": "staking indexer", "height": 198094}
2024-08-04T04:10:53.835398Z	info	received confirmed block	{"module": "staking indexer", "height": 198095}
2024-08-04T04:10:53.851769Z	info	received confirmed block	{"module": "staking indexer", "height": 198096}
2024-08-04T04:10:53.867525Z	info	received confirmed block	{"module": "staking indexer", "height": 198097}
2024-08-04T04:10:53.883472Z	info	received confirmed block	{"module": "staking indexer", "height": 198098}
2024-08-04T04:10:53.900400Z	info	received confirmed block	{"module": "staking indexer", "height": 198099}
2024-08-04T04:10:53.915740Z	info	received confirmed block	{"module": "staking indexer", "height": 198100}
2024-08-04T04:10:53.933491Z	info	received confirmed block	{"module": "staking indexer", "height": 198101}
2024-08-04T04:10:53.954466Z	info	received confirmed block	{"module": "staking indexer", "height": 198102}
2024-08-04T04:10:53.969606Z	info	received confirmed block	{"module": "staking indexer", "height": 198103}
2024-08-04T04:10:53.984492Z	info	received confirmed block	{"module": "staking indexer", "height": 198104}
2024-08-04T04:10:54.000434Z	info	received confirmed block	{"module": "staking indexer", "height": 198105}
2024-08-04T04:10:54.018453Z	info	received confirmed block	{"module": "staking indexer", "height": 198106}
2024-08-04T04:10:54.035445Z	info	received confirmed block	{"module": "staking indexer", "height": 198107}
2024-08-04T04:10:54.051382Z	info	received confirmed block	{"module": "staking indexer", "height": 198108}
2024-08-04T04:10:54.070404Z	info	received confirmed block	{"module": "staking indexer", "height": 198109}
2024-08-04T04:10:54.089438Z	info	received confirmed block	{"module": "staking indexer", "height": 198110}
2024-08-04T04:10:54.107463Z	info	received confirmed block	{"module": "staking indexer", "height": 198111}
2024-08-04T04:10:54.124420Z	info	received confirmed block	{"module": "staking indexer", "height": 198112}
2024-08-04T04:10:54.140447Z	info	received confirmed block	{"module": "staking indexer", "height": 198113}
2024-08-04T04:10:54.157436Z	info	received confirmed block	{"module": "staking indexer", "height": 198114}
2024-08-04T04:10:54.175474Z	info	received confirmed block	{"module": "staking indexer", "height": 198115}
2024-08-04T04:10:54.191903Z	info	received confirmed block	{"module": "staking indexer", "height": 198116}
2024-08-04T04:10:54.211480Z	info	received confirmed block	{"module": "staking indexer", "height": 198117}
2024-08-04T04:10:54.232483Z	info	received confirmed block	{"module": "staking indexer", "height": 198118}
2024-08-04T04:10:54.252479Z	info	received confirmed block	{"module": "staking indexer", "height": 198119}
2024-08-04T04:10:54.271475Z	info	received confirmed block	{"module": "staking indexer", "height": 198120}
2024-08-04T04:10:54.292846Z	info	received confirmed block	{"module": "staking indexer", "height": 198121}
2024-08-04T04:10:54.312486Z	info	received confirmed block	{"module": "staking indexer", "height": 198122}
2024-08-04T04:10:54.331482Z	info	received confirmed block	{"module": "staking indexer", "height": 198123}
2024-08-04T04:10:54.348456Z	info	received confirmed block	{"module": "staking indexer", "height": 198124}
2024-08-04T04:10:54.367544Z	info	received confirmed block	{"module": "staking indexer", "height": 198125}
2024-08-04T04:10:54.386460Z	info	received confirmed block	{"module": "staking indexer", "height": 198126}
2024-08-04T04:10:54.403432Z	info	received confirmed block	{"module": "staking indexer", "height": 198127}
2024-08-04T04:10:54.422589Z	info	received confirmed block	{"module": "staking indexer", "height": 198128}
2024-08-04T04:10:54.440411Z	info	received confirmed block	{"module": "staking indexer", "height": 198129}
2024-08-04T04:10:54.457441Z	info	received confirmed block	{"module": "staking indexer", "height": 198130}
2024-08-04T04:10:54.473480Z	info	received confirmed block	{"module": "staking indexer", "height": 198131}
2024-08-04T04:10:54.491460Z	info	received confirmed block	{"module": "staking indexer", "height": 198132}
2024-08-04T04:10:54.507454Z	info	received confirmed block	{"module": "staking indexer", "height": 198133}
2024-08-04T04:10:54.525469Z	info	received confirmed block	{"module": "staking indexer", "height": 198134}
2024-08-04T04:10:54.543436Z	info	processing unconfirmed blocks	{"module": "staking indexer", "start_height": 198135, "end_height": 198135}
2024-08-04T04:10:54.543605Z	info	successfully calculated unconfirmed TVL	{"module": "staking indexer", "tip_height": 198135, "confirmed_tvl": 0, "tvl_in_unconfirmed_blocks": 0, "unconfirmed_tvl": 0}
2024-08-04T04:10:54.543638Z	info	pushing btc info event	{"module": "queue consumer", "height": 198135}
2024-08-04T04:10:54.548890Z	info	successfully pushed btc info event	{"module": "queue consumer", "height": 198135}
2024-08-04T04:10:54.548976Z	info	received confirmed block	{"module": "staking indexer", "height": 198135}
2024-08-04T04:10:54.566413Z	info	received confirmed block	{"module": "staking indexer", "height": 198136}
2024-08-04T04:10:54.581416Z	info	received confirmed block	{"module": "staking indexer", "height": 198137}
2024-08-04T04:10:54.597419Z	info	received confirmed block	{"module": "staking indexer", "height": 198138}
2024-08-04T04:10:54.615402Z	info	received confirmed block	{"module": "staking indexer", "height": 198139}
2024-08-04T04:10:54.630780Z	info	received confirmed block	{"module": "staking indexer", "height": 198140}
2024-08-04T04:10:54.647509Z	info	received confirmed block	{"module": "staking indexer", "height": 198141}
2024-08-04T04:10:54.662438Z	info	received confirmed block	{"module": "staking indexer", "height": 198142}
2024-08-04T04:10:54.678623Z	info	received confirmed block	{"module": "staking indexer", "height": 198143}
2024-08-04T04:10:54.695439Z	info	received confirmed block	{"module": "staking indexer", "height": 198144}
2024-08-04T04:10:54.712439Z	info	received confirmed block	{"module": "staking indexer", "height": 198145}
2024-08-04T04:10:54.727751Z	info	received confirmed block	{"module": "staking indexer", "height": 198146}
2024-08-04T04:10:54.744399Z	info	received confirmed block	{"module": "staking indexer", "height": 198147}
2024-08-04T04:10:54.760439Z	info	received confirmed block	{"module": "staking indexer", "height": 198148}
2024-08-04T04:10:54.776684Z	info	received confirmed block	{"module": "staking indexer", "height": 198149}
2024-08-04T04:10:54.792503Z	info	received confirmed block	{"module": "staking indexer", "height": 198150}
2024-08-04T04:10:54.808742Z	info	received confirmed block	{"module": "staking indexer", "height": 198151}
2024-08-04T04:10:54.824534Z	info	received confirmed block	{"module": "staking indexer", "height": 198152}
2024-08-04T04:10:54.840458Z	info	received confirmed block	{"module": "staking indexer", "height": 198153}
2024-08-04T04:10:54.855392Z	info	received confirmed block	{"module": "staking indexer", "height": 198154}
2024-08-04T04:10:54.870795Z	info	received confirmed block	{"module": "staking indexer", "height": 198155}
2024-08-04T04:10:54.887614Z	info	received confirmed block	{"module": "staking indexer", "height": 198156}
2024-08-04T04:10:54.903760Z	info	received confirmed block	{"module": "staking indexer", "height": 198157}
2024-08-04T04:10:54.919333Z	info	received confirmed block	{"module": "staking indexer", "height": 198158}
2024-08-04T04:10:54.935648Z	info	received confirmed block	{"module": "staking indexer", "height": 198159}
2024-08-04T04:10:54.952421Z	info	received confirmed block	{"module": "staking indexer", "height": 198160}
2024-08-04T04:10:54.967483Z	info	received confirmed block	{"module": "staking indexer", "height": 198161}
2024-08-04T04:10:54.983379Z	info	received confirmed block	{"module": "staking indexer", "height": 198162}
2024-08-04T04:10:54.999384Z	info	received confirmed block	{"module": "staking indexer", "height": 198163}
2024-08-04T04:10:55.014441Z	info	received confirmed block	{"module": "staking indexer", "height": 198164}
2024-08-04T04:10:55.030480Z	info	received confirmed block	{"module": "staking indexer", "height": 198165}
2024-08-04T04:10:55.047825Z	info	received confirmed block	{"module": "staking indexer", "height": 198166}
2024-08-04T04:10:55.064514Z	info	received confirmed block	{"module": "staking indexer", "height": 198167}
2024-08-04T04:10:55.081491Z	info	received confirmed block	{"module": "staking indexer", "height": 198168}
2024-08-04T04:10:55.099516Z	info	received confirmed block	{"module": "staking indexer", "height": 198169}
2024-08-04T04:10:55.115436Z	info	received confirmed block	{"module": "staking indexer", "height": 198170}
2024-08-04T04:10:55.133392Z	info	received confirmed block	{"module": "staking indexer", "height": 198171}
2024-08-04T04:10:55.151708Z	info	received confirmed block	{"module": "staking indexer", "height": 198172}
2024-08-04T04:10:55.168486Z	info	received confirmed block	{"module": "staking indexer", "height": 198173}
2024-08-04T04:10:55.187141Z	info	received confirmed block	{"module": "staking indexer", "height": 198174}
2024-08-04T04:10:55.206654Z	info	received confirmed block	{"module": "staking indexer", "height": 198175}
2024-08-04T04:10:55.223040Z	info	received confirmed block	{"module": "staking indexer", "height": 198176}
2024-08-04T04:10:55.239475Z	info	received confirmed block	{"module": "staking indexer", "height": 198177}
2024-08-04T04:10:55.256717Z	info	received confirmed block	{"module": "staking indexer", "height": 198178}
2024-08-04T04:10:55.274306Z	info	received confirmed block	{"module": "staking indexer", "height": 198179}
2024-08-04T04:10:55.292458Z	info	received confirmed block	{"module": "staking indexer", "height": 198180}
2024-08-04T04:10:55.310384Z	info	received confirmed block	{"module": "staking indexer", "height": 198181}
2024-08-04T04:10:55.326681Z	info	received confirmed block	{"module": "staking indexer", "height": 198182}
2024-08-04T04:10:55.344387Z	info	received confirmed block	{"module": "staking indexer", "height": 198183}
2024-08-04T04:10:55.360203Z	info	received confirmed block	{"module": "staking indexer", "height": 198184}
2024-08-04T04:10:55.377451Z	info	received confirmed block	{"module": "staking indexer", "height": 198185}
2024-08-04T04:10:55.392657Z	info	received confirmed block	{"module": "staking indexer", "height": 198186}
2024-08-04T04:10:55.409110Z	info	received confirmed block	{"module": "staking indexer", "height": 198187}
2024-08-04T04:10:55.427617Z	info	received confirmed block	{"module": "staking indexer", "height": 198188}
2024-08-04T04:10:55.444144Z	info	received confirmed block	{"module": "staking indexer", "height": 198189}
2024-08-04T04:10:55.461480Z	info	received confirmed block	{"module": "staking indexer", "height": 198190}
2024-08-04T04:10:55.477506Z	info	received confirmed block	{"module": "staking indexer", "height": 198191}
2024-08-04T04:10:55.495470Z	info	received confirmed block	{"module": "staking indexer", "height": 198192}
2024-08-04T04:10:55.515467Z	info	received confirmed block	{"module": "staking indexer", "height": 198193}
2024-08-04T04:10:55.535498Z	info	received confirmed block	{"module": "staking indexer", "height": 198194}
2024-08-04T04:10:55.554546Z	info	received confirmed block	{"module": "staking indexer", "height": 198195}
2024-08-04T04:10:55.571402Z	info	received confirmed block	{"module": "staking indexer", "height": 198196}
2024-08-04T04:10:55.588973Z	info	received confirmed block	{"module": "staking indexer", "height": 198197}
2024-08-04T04:10:55.607889Z	info	received confirmed block	{"module": "staking indexer", "height": 198198}
2024-08-04T04:10:55.624607Z	info	received confirmed block	{"module": "staking indexer", "height": 198199}
2024-08-04T04:10:55.642602Z	info	received confirmed block	{"module": "staking indexer", "height": 198200}
2024-08-04T04:10:55.658454Z	info	received confirmed block	{"module": "staking indexer", "height": 198201}
2024-08-04T04:10:55.676471Z	info	received confirmed block	{"module": "staking indexer", "height": 198202}
2024-08-04T04:10:55.693472Z	info	received confirmed block	{"module": "staking indexer", "height": 198203}
2024-08-04T04:10:55.711466Z	info	received confirmed block	{"module": "staking indexer", "height": 198204}
2024-08-04T04:10:55.727402Z	info	received confirmed block	{"module": "staking indexer", "height": 198205}
